<?xml version="1.0" encoding="UTF-8"?>
<!-- Generated by org.testng.reporters.JUnitReportReporter -->
<testsuite skipped="0" hostname="DESKTOP-GT018EV" name="com.health.DemoProj1.AppTest" tests="1" failures="0" timestamp="2021-12-20T16:48:57 IST" time="0.019" errors="0">
  <testcase name="shouldAnswerWithTrue" time="0.019" classname="com.health.DemoProj1.AppTest"/>
  <system-out/>
</testsuite> <!-- com.health.DemoProj1.AppTest -->
